<?xml version="1.0" encoding="UTF-8"?>
<!-- Generated by org.testng.reporters.JUnitReportReporter -->
<testsuite hostname="AP-PF3M7YMZ" failures="0" tests="9" name="Runner" time="75.858" errors="0" timestamp="21 Nov 2023 12:42:25 GMT" skipped="0">
  <testcase classname="Runner" name="runScenario" time="9.475"/>
  <testcase classname="Runner" name="runScenario" time="8.095"/>
  <testcase classname="Runner" name="runScenario" time="7.173"/>
  <testcase classname="Runner" name="runScenario" time="10.346"/>
  <testcase classname="Runner" name="runScenario" time="6.915"/>
  <testcase classname="Runner" name="runScenario" time="7.217"/>
  <testcase classname="Runner" name="runScenario" time="10.406"/>
  <testcase classname="Runner" name="runScenario" time="8.103"/>
  <testcase classname="Runner" name="runScenario" time="8.128"/>
</testsuite> <!-- Runner -->
